0.00806498527527
0.00752091407776
0.00535106658936
0.00865387916565
Traceback (most recent call last):
  File "./main.py", line 34, in <module>
    create_file(file_dir, 500)
  File "./main.py", line 24, in create_file
    file = open(path, 'w')
KeyboardInterrupt
0.0042610168457
0.0369148254395
0.00673413276672
0.0080828666687
0.00777506828308
0.0064480304718
0.0151600837708
0.00596809387207
0.00779604911804
0.00742316246033
0.00688910484314
0.0286550521851
0.00574111938477
0.00599408149719
0.0054919719696
0.00558400154114
0.00620102882385
0.00645613670349
0.0062301158905
0.141227960587
0.00755596160889
0.00698709487915
0.0079550743103
0.00703692436218
0.0256700515747
0.00631999969482
0.00749802589417
0.00668096542358
0.00682401657104
0.0199780464172
0.0332849025726
0.00606298446655
0.00590014457703
0.00535583496094
0.00726985931396
0.00747299194336
0.0166890621185
0.0460779666901
0.00656485557556
0.06090092659
0.0147371292114
0.0089910030365
0.00846195220947
0.00579500198364
0.157608032227
0.00779485702515
0.00539708137512
0.00669288635254
0.00984001159668
0.0156979560852
0.00575685501099
0.00708198547363
0.00956511497498
0.00702118873596
0.023698091507
0.00535202026367
0.0256378650665
0.0078010559082
0.00565695762634
0.017853975296
0.0115039348602
0.00683498382568
0.00624108314514
0.00637984275818
0.00560998916626
0.00698709487915
0.00597190856934
0.00629210472107
0.00576615333557
0.00512194633484
0.00567603111267
0.00549006462097
0.0102989673615
0.00555205345154
0.00602698326111
0.00606203079224
0.00924396514893
0.0394299030304
0.00970697402954
0.00515294075012
0.0233688354492
0.00552415847778
0.00759387016296
0.00524401664734
0.00560283660889
0.00838994979858
0.00590586662292
0.0053231716156
0.00579905509949
0.017786026001
0.00560188293457
0.00561594963074
0.0244538784027
0.00711107254028
0.00740504264832
0.0171549320221
0.00521111488342
0.00580096244812
0.00661206245422
0.0057110786438
0.00577807426453
0.00690293312073
0.00721096992493
0.00643706321716
0.00572490692139
0.00547695159912
0.00503206253052
0.00615000724792
0.0061309337616
0.00946497917175
0.00662779808044
0.00535702705383
0.00599384307861
0.00577211380005
0.00749015808105
0.0100791454315
0.00630211830139
0.0350677967072
0.00912117958069
0.00621914863586
0.00690507888794
0.0117309093475
0.00740313529968
0.0105512142181
0.00906705856323
0.0127348899841
0.00555896759033
0.0178260803223
0.00795102119446
0.00818705558777
0.00713515281677
0.00545787811279
0.00548195838928
0.00578999519348
0.00516605377197
0.00818181037903
0.0144908428192
0.00546503067017
0.088681936264
0.00580906867981
0.0057258605957
0.0115158557892
0.00541400909424
0.00542998313904
0.00555205345154
0.00554084777832
0.00743699073792
0.00638008117676
0.0296959877014
0.00607705116272
0.00661897659302
0.00566101074219
0.00554299354553
0.0651259422302
0.00607705116272
0.00564503669739
0.00549793243408
0.0056049823761
0.0181639194489
0.00588703155518
0.00633096694946
0.00581407546997
0.00727200508118
0.00768399238586
0.00731801986694
0.00570297241211
0.00714993476868
0.00541305541992
0.00733089447021
0.0061411857605
0.00590014457703
0.00527191162109
0.00538802146912
0.0099880695343
0.00679802894592
0.00628685951233
0.00630402565002
0.0285980701447
0.00694799423218
0.00709891319275
0.00779485702515
0.0130100250244
0.00961089134216
0.0170979499817
0.00796794891357
0.00693511962891
0.00777196884155
0.00803518295288
0.00745296478271
0.00580286979675
0.00560402870178
0.00606107711792
0.00688600540161
0.00698804855347
0.00802612304688
0.00535702705383
0.00530481338501
0.101058006287
0.00977993011475
0.00710487365723
0.00550389289856
0.00546002388
0.0233151912689
0.00939011573792
0.00776410102844
0.00679302215576
0.00627112388611
0.155997991562
0.00770711898804
0.0101590156555
0.00741791725159
0.00728797912598
0.0141358375549
0.00717282295227
0.00692296028137
0.00580501556396
0.00593304634094
0.00764012336731
0.0072968006134
0.00677585601807
0.00555610656738
0.00763702392578
0.00764608383179
0.0105018615723
0.0859370231628
0.00721716880798
0.00590920448303
0.00804686546326
0.00738215446472
0.0113840103149
0.00690817832947
0.00663113594055
0.00518703460693
0.00686502456665
0.00625205039978
0.0114808082581
0.00761914253235
0.0114569664001
0.00496411323547
0.00669407844543
0.00795698165894
0.00740599632263
0.00708103179932
0.00815296173096
0.007483959198
0.00654983520508
0.00811290740967
0.00749707221985
0.00653910636902
0.00729393959045
0.0101130008698
0.00795912742615
0.00972294807434
0.0160920619965
0.00565099716187
0.00674390792847
0.00830817222595
0.00669503211975
0.0319399833679
0.013739824295
0.00852489471436
0.00764012336731
0.00849199295044
0.0157780647278
0.00688505172729
0.00592994689941
0.00962686538696
0.0067310333252
0.0101139545441
0.00774788856506
0.00766515731812
0.120704174042
0.00867104530334
0.0101010799408
0.00770497322083
0.00709795951843
0.00546097755432
0.00632905960083
0.0142579078674
0.00661110877991
0.00750708580017
0.0208280086517
0.0208439826965
0.0281550884247
0.00767207145691
0.245249986649
0.00764608383179
0.00705194473267
0.0988700389862
0.00735306739807
0.080873966217
0.00699591636658
0.00733709335327
0.0204648971558
0.00665998458862
0.0255398750305
0.00760221481323
0.00744104385376
0.00529289245605
0.00688409805298
0.00599193572998
0.00779819488525
0.00544595718384
0.00749397277832
0.0073618888855
0.0253548622131
0.00939393043518
0.00898194313049
0.0093879699707
0.0107400417328
0.0108649730682
0.00786399841309
0.00804495811462
0.00702214241028
0.0119049549103
0.0342109203339
0.00817203521729
0.0224690437317
0.00784301757812
0.00825810432434
0.00625395774841
0.00929594039917
0.00759196281433
0.00658202171326
0.0202059745789
0.00775289535522
0.00551199913025
0.00732183456421
0.00607299804688
0.0244810581207
0.0929839611053
0.00754904747009
0.00765895843506
0.0065610408783
0.0155730247498
0.00763893127441
0.00529599189758
0.00715398788452
0.0068519115448
0.0109951496124
0.00730895996094
0.00568103790283
0.00648999214172
0.00549817085266
0.0603680610657
0.0117330551147
0.0292091369629
0.00543594360352
0.00670289993286
0.0123648643494
0.00728607177734
0.0105578899384
0.00790810585022
0.00900983810425
0.00873804092407
0.00949597358704
0.00799703598022
0.00992894172668
0.00864410400391
0.00686287879944
0.00740694999695
0.00864601135254
0.00839710235596
0.00765609741211
0.00858592987061
0.00836896896362
0.0192291736603
0.0083749294281
0.00816798210144
0.00920605659485
0.00575709342957
0.0256319046021
0.00731086730957
0.00848293304443
0.00751209259033
0.0122358798981
0.0197241306305
0.00650310516357
0.00689005851746
0.00747084617615
0.0187420845032
0.0234310626984
0.00689792633057
0.00765299797058
0.00797009468079
0.0255410671234
0.00695085525513
0.00649499893188
0.00691699981689
0.0100288391113
0.0220029354095
0.0781860351562
0.0163629055023
0.00641798973083
0.00553202629089
0.0160448551178
0.0630068778992
0.00681900978088
0.00540280342102
0.00762987136841
0.00665187835693
0.00565981864929
0.00678896903992
0.00779509544373
0.019513130188
0.0173518657684
0.0122928619385
0.00676989555359
0.00674796104431
0.00634694099426
0.0351390838623
0.00976204872131
0.00604915618896
0.0096390247345
0.00806307792664
0.0306351184845
0.00941491127014
0.00919103622437
0.00723099708557
0.00823903083801
0.0085129737854
0.0059859752655
0.00695204734802
0.00558495521545
0.005038022995
0.00599503517151
0.0541839599609
0.00674915313721
0.00738000869751
0.00536394119263
0.00607395172119
0.00699901580811
0.00776600837708
0.00710391998291
0.00701498985291
0.0066180229187
0.059051990509
0.0303480625153
0.00893402099609
0.00983500480652
0.00583100318909
0.0412890911102
0.0417878627777
0.00862407684326
0.00633502006531
0.00611186027527
0.00866484642029
0.00669980049133
0.00738787651062
0.00972509384155
0.00651001930237
0.00548505783081
0.00581097602844
0.00762104988098
0.00715208053589
0.00700616836548
0.00691604614258
0.00707411766052
0.0086190700531
0.0189690589905
0.0130500793457
0.0142469406128
0.00796484947205
0.0125381946564
0.0065610408783
0.00971794128418
0.00638604164124
0.00652694702148
0.00537204742432
0.00745987892151
0.00842213630676
0.00542402267456
0.00666213035583
0.00774812698364
0.00783205032349
0.00679683685303
0.0110609531403
0.0189969539642
0.00857090950012
0.00655817985535
0.0072500705719
0.00866389274597
0.00870490074158
0.00902509689331
0.0110139846802
0.00709104537964
0.00845909118652
0.0209159851074
0.00703406333923
0.00793504714966
0.00790405273438
0.0119171142578
0.0307540893555
0.00931096076965
0.00803899765015
0.00592803955078
0.00877404212952
0.0198938846588
0.00794696807861
0.00566220283508
0.00539898872375
0.00655603408813
0.0073230266571
0.0150229930878
0.00734996795654
0.00606393814087
0.0105350017548
0.00641703605652
0.0196030139923
0.00674200057983
0.0067880153656
0.00598788261414
0.00579500198364
0.0153532028198
0.00707817077637
0.0102210044861
0.0328960418701
0.00738906860352
0.0166320800781
0.00554704666138
0.00641679763794
0.00677394866943
0.00710511207581
0.00677514076233
0.0649371147156
0.00567579269409
0.00784707069397
0.0096960067749
0.0052318572998
0.00644207000732
0.00967407226562
0.00521993637085
0.00810098648071
0.00765705108643
0.00771498680115
0.00806784629822
0.00724196434021
0.00789999961853
0.0225188732147
0.00748491287231
0.00710511207581
0.00811100006104
0.0139548778534
0.0379478931427
0.00833702087402
0.00647521018982
0.0213971138
0.00681114196777
0.163620948792
0.00787997245789
0.00653004646301
0.00747394561768
0.0201561450958
0.00633907318115
0.00674390792847
0.00754308700562
0.00701093673706
0.00722908973694
0.00679302215576
0.00541496276855
0.0060670375824
0.00797009468079
0.00522589683533
0.0283901691437
0.00664210319519
0.00668907165527
0.00534200668335
0.00590705871582
0.0138068199158
0.00548815727234
0.0239520072937
0.00882601737976
0.00543808937073
0.00686597824097
0.0131828784943
0.00696110725403
0.00551795959473
0.00614500045776
0.0174868106842
0.00639319419861
0.00646805763245
0.00790500640869
0.00643992424011
0.0100331306458
0.00843787193298
0.00780916213989
0.00640487670898
0.00603008270264
0.0104658603668
0.0785799026489
0.00684499740601
0.00826501846313
0.00825309753418
0.00810289382935
0.0413811206818
0.0071108341217
0.0094358921051
0.00651907920837
0.0108420848846
0.0492730140686
0.00746202468872
0.0104031562805
0.00717210769653
0.00768685340881
0.00991415977478
0.00983285903931
0.00683808326721
0.00924205780029
0.00743103027344
0.0413720607758
0.0126130580902
0.00701498985291
0.00844311714172
0.00569915771484
0.0321459770203
0.00595307350159
0.00625896453857
0.00589489936829
0.00585985183716
0.0110268592834
0.00621008872986
0.00962209701538
0.00590515136719
0.00847482681274
0.0608658790588
0.00685000419617
0.00689911842346
0.00578498840332
0.0107448101044
0.169806957245
0.00966000556946
0.00926804542542
0.00677108764648
0.00728702545166
0.0235810279846
0.00874996185303
0.00896883010864
0.00562381744385
0.0056779384613
0.0490667819977
0.0078489780426
0.00731897354126
0.00768709182739
0.00551104545593
0.0446429252625
0.0132720470428
0.0182490348816
0.00677299499512
0.00545597076416
0.0161159038544
0.00910210609436
0.00777387619019
0.00878214836121
0.00585722923279
0.0912799835205
0.010724067688
0.00806403160095
0.00760078430176
0.00635480880737
0.00695896148682
0.00854802131653
0.00921893119812
0.0117309093475
0.00605487823486
0.0101640224457
0.0101270675659
0.00747799873352
0.0103170871735
0.0153141021729
0.0173649787903
0.00829792022705
0.00598287582397
0.00533199310303
0.0116698741913
0.00641798973083
0.00805187225342
0.00688505172729
0.00752902030945
0.00708985328674
0.00691103935242
0.0324280261993
0.0077018737793
0.0071280002594
0.0068051815033
0.00580906867981
0.051552772522
0.0143961906433
0.00555801391602
0.00631785392761
0.00621294975281
0.0235970020294
0.00524687767029
0.00559687614441
0.00584888458252
0.00683498382568
0.0476469993591
0.00550198554993
0.00548601150513
0.0058159828186
0.00552296638489
0.042289018631
0.00610589981079
0.00521183013916
0.00543117523193
0.0079391002655
0.0469658374786
0.00569486618042
0.0057098865509
0.00723600387573
0.00508308410645
0.0278370380402
0.0059859752655
0.00747990608215
0.0053391456604
0.00579285621643
0.0633659362793
0.00509309768677
0.00627708435059
0.00563097000122
0.00847196578979
0.0117499828339
0.00715303421021
0.00650501251221
0.0142970085144
0.00670695304871
0.00518107414246
0.0095648765564
0.00771903991699
0.0155410766602
0.00684285163879
0.0098180770874
0.0059278011322
0.00587797164917
0.00747108459473
0.00591588020325
0.00668883323669
0.0117259025574
0.00592994689940.0161001682281
Traceback (most recent call last):
  File "./main.py", line 39, in <module>
    logger("%s-%fs" %(file_dir, elapsedtime))
  File "./main.py", line 20, in logger
    log_helper.get_logger(__log__path).info(mes)
AttributeError: 'module' object has no attribute 'get_logger'
0.00939202308655
0.00726294517517
0.00601005554199
0.00546383857727
0.012923002243
0.00751185417175
0.00610089302063
0.00673985481262
0.0109839439392
0.00506997108459
0.0057418346405
0.00730609893799
0.00564289093018
0.00686693191528
0.023106098175
0.0259120464325
0.00479006767273
0.00863695144653
0.0581810474396
0.00880599021912
0.00732517242432
0.00827312469482
0.0133259296417
0.00779294967651
0.00863909721375
0.00966310501099
0.00827407836914
0.0110049247742
0.0114488601685
0.00706195831299
0.0102789402008
0.0109050273895
0.00855898857117
0.0061821937561
0.00667285919189
0.0120360851288
0.0138981342316
0.00543999671936
0.0313038825989
0.00987100601196
0.0117909908295
0.00866484642029
0.00702905654907
0.0483269691467
0.0140559673309
0.00982213020325
0.00976800918579
0.0111360549927
0.00481986999512
0.0245628356934
0.0100948810577
0.0066339969635
0.0060248374939
0.00668811798096
0.00964903831482
0.00501012802124
0.0053858757019
0.00673294067383
0.00832915306091
0.0123670101166
0.00512003898621
0.00873208045959
0.0202789306641
0.00658893585205
0.180119991302
0.0110239982605
0.0100979804993
0.00605702400208
0.00846791267395
0.0512750148773
0.00606298446655
0.0144438743591
0.012099981308
0.00484991073608
0.0364601612091
0.00745296478271
0.00791311264038
0.00763201713562
0.00693202018738
0.0296039581299
0.00748801231384
0.016667842865
0.00497388839722
0.00631403923035
0.00751686096191
0.00500297546387
0.00646901130676
0.0102920532227
0.00734996795654
0.0327610969543
0.00638890266418
0.00846004486084
0.00899696350098
0.00856709480286
0.0635569095612
0.007080078125
0.00844120979309
0.0148298740387
0.00956201553345
0.0321660041809
0.0419988632202
0.00938606262207
0.00534200668335
0.00739216804504
0.0691668987274
0.0089111328125
0.0396900177002
0.00605988502502
0.00772309303284
0.164974212646
0.00871896743774
0.00756096839905
0.00656414031982
0.0057270526886
0.0237319469452
0.0109751224518
0.0213840007782
0.00537180900574
0.00877904891968
0.0381028652191
0.0250000953674
0.00637793540955
0.00655388832092
0.00742793083191
0.0255439281464
0.00663495063782
0.00771188735962
0.00897312164307
0.0196888446808
0.00678992271423
0.0074450969696
0.00884985923767
0.0058741569519
0.00604796409607
0.00520396232605
0.0190060138702
0.00962114334106
0.0055718421936
0.00662994384766
0.00631594657898
0.0121099948883
0.0317800045013
0.00598382949829
0.00609397888184
0.00871801376343
0.00718903541565
0.0068039894104
0.0076642036438
0.00674986839294
0.00940704345703
0.0110940933228
0.00646710395813
0.0075421333313
0.0068039894104
0.021861076355
0.00607109069824
0.00572991371155
0.0119209289551
0.00691914558411
0.00559592247009
0.00682616233826
0.00915503501892
0.00691199302673
0.00645184516907
0.00857400894165
0.0130059719086
0.00897192955017
0.0146379470825
0.010330915451
0.00688600540161
0.115898132324
0.00788998603821
0.0229821205139
0.00504612922668
0.00817918777466
0.0332860946655
0.00741100311279
0.00580310821533
0.0275928974152
0.0156610012054
0.00775504112244
0.00657105445862
0.00569701194763
0.0262348651886
0.00859713554382
0.0468897819519
0.00788617134094
0.0152969360352
0.0227670669556
0.00792407989502
0.0220079421997
0.0150480270386
0.00750303268433
0.00678896903992
0.00604796409607
0.0356540679932
0.365117073059
0.00926899909973
0.00615310668945
0.00855088233948
0.0101299285889
0.038633108139
0.00730013847351
0.00551700592041
0.0165991783142
0.00991606712341
0.0407888889313
0.0083019733429
0.0148410797119
0.00668692588806
0.00546288490295
0.00896501541138
0.0128450393677
0.00960206985474
0.00969195365906
0.00857496261597
0.00592279434204
0.00635814666748
0.00710606575012
0.0099470615387
0.00733590126038
0.00809001922607
0.0073070526123
0.0147588253021
0.0271911621094
0.00596714019775
0.0102438926697
0.0582039356232
0.00689291954041
0.00913715362549
0.051155090332
0.008465051651
0.00754117965698
0.00677013397217
0.0127449035645
0.00725221633911
0.00659203529358
0.0129370689392
0.0109190940857
0.0136530399323
0.00886678695679
0.00740790367126
0.00756597518921
0.00786805152893
0.00788617134094
0.0162761211395
0.0106389522552
0.0573070049286
0.00974106788635
0.0116667747498
0.0065610408783
0.0121710300446
0.0069100856781
0.0115780830383
0.0141949653625
0.00899505615234
0.0112009048462
0.00547003746033
0.0190770626068
0.00800704956055
0.0121970176697
0.0123999118805
0.0390241146088
0.00765609741211
0.00868606567383
0.00656485557556
0.00975394248962
0.248089075089
0.0127160549164
0.00532197952271
0.00629210472107
0.00773787498474
0.0788271427155
0.0111970901489
0.0137639045715
0.00913786888123
0.00765490531921
0.058620929718
0.0119090080261
0.00815391540527
0.0129299163818
0.00842189788818
0.00584387779236
0.0074450969696
0.00617694854736
0.0349328517914
0.00836491584778
0.0668251514435
0.00755000114441
0.00819396972656
0.0100281238556
0.00819087028503
0.0262169837952
0.00959205627441
0.00774192810059
0.00980114936829
0.00950503349304
0.102702856064
0.00784301757812
0.0104010105133
0.00833702087402
0.00596809387207
0.0412719249725
0.00774693489075
0.0116889476776
0.00895404815674
0.0059289932251
0.0395419597626
0.00703406333923
0.0129549503326
0.00907897949219
0.00800490379333
0.0286297798157
0.00632691383362
0.00585293769836
0.00658488273621
0.0124130249023
0.208942174911
0.0123720169067
0.0103168487549
0.00885200500488
0.00831198692322
0.0450580120087
0.00998401641846
0.00859093666077
0.00898194313049
0.00635290145874
0.0910139083862
0.00729298591614
0.00683307647705
0.00700402259827
0.0147359371185
0.00723695755005
0.00853419303894
0.00975298881531
0.00712299346924
0.0122790336609
0.0194931030273
0.0120170116425
0.00992798805237
0.0385339260101
0.0069260597229
0.0981359481812
0.0154938697815
0.0129809379578
0.0087149143219
0.00710010528564
0.182500839233
0.00802397727966
0.00756287574768
0.0058798789978
0.00865602493286
0.153433084488
0.00943279266357
0.0170321464539
0.0150039196014
0.00898480415344
0.00697612762451
0.00912117958069
0.00824689865112
0.00944304466248
0.00619292259216
0.00862097740173
0.00909495353699
0.00562906265259
0.0114109516144
0.0147550106049
0.0541279315948
0.0117611885071
0.00760197639465
0.0205669403076
0.00807404518127
0.0174288749695
0.00670695304871
0.00805115699768
0.00709390640259
0.016261100769
0.0518159866333
0.00594091415405
0.0067880153656
0.00543904304504
0.00710201263428
0.0244719982147
0.00534200668335
0.0163958072662
0.00748705863953
0.00888204574585
0.00817799568176
0.00922298431396
0.0101370811462
0.0130751132965
0.0125489234924
0.0295770168304
0.00950193405151
0.0130000114441
0.0083920955658
0.0107939243317
0.0355541706085
0.0232198238373
0.0113368034363
0.00850915908813
0.00774908065796
0.00711393356323
0.00710701942444
0.0054337978363
0.0129990577698
0.00709795951843
0.0110387802124
0.0415649414062
0.00532698631287
0.0115458965302
0.0119869709015
0.00732684135437
0.0176260471344
0.00872397422791
0.00705003738403
0.00515294075012
0.0146608352661
0.0417511463165
0.0240638256073
0.00740885734558
0.00546002388
0.0133781433105
0.00600504875183
0.0180418491364
0.0204300880432
0.00805902481079
0.00545215606689
0.0528190135956
0.0243289470673
0.00887703895569
0.00857901573181
0.0349972248077
0.0225248336792
0.00705194473267
0.00603103637695
0.00610685348511
0.0772161483765
0.0391640663147
0.0109469890594
0.0117440223694
0.00731301307678
0.0495009422302
0.133962154388
0.00713896751404
0.0146660804749
0.00532913208008
0.00900387763977
0.00821709632874
0.0108089447021
0.0169630050659
0.0123879909515
0.00783491134644
0.00808501243591
0.00736498832703
0.00985622406006
0.00705480575562
0.0159668922424
0.10168504715
0.0057680606842
0.00615286827087
0.00712609291077
0.00909614562988
0.0396161079407
0.0248250961304
0.0069580078125
0.00757217407227
0.006108045578
0.0273399353027
0.0874300003052
0.00970602035522
0.0179560184479
0.00960493087769
0.00580286979675
0.0483911037445
0.00573587417603
0.00992703437805
0.00779008865356
0.00847387313843
0.0378398895264
0.00878810882568
0.0101301670074
0.0190589427948
0.00728797912598
0.00900912284851
0.00692105293274
0.00709915161133
0.00713682174683
0.00867700576782
0.00831890106201
0.0238180160522
0.0156939029694
0.00817012786865
0.00676107406616
0.0155611038208
0.00567507743835
0.0399799346924
0.0149550437927
0.00837111473083
0.00765705108643
0.0107419490814
0.00829887390137
0.00867390632629
0.00896000862122
0.00746893882751
0.0102729797363
0.00726890563965
0.00818419456482
0.0103449821472
0.0216238498688
0.0066819190979
0.0140697956085
0.0096161365509
0.00812602043152
0.00901103019714
0.0212709903717
0.00921893119812
0.0194699764252
0.00739908218384
0.00965404510498
0.0076060295105
0.00804805755615
0.0132880210876
0.0106511116028
0.00557208061218
0.00630497932434
0.00685095787048
0.0105259418488
0.0281238555908
0.0157260894775
0.00655794143677
0.00864601135254
0.0420529842377
0.0237979888916
0.0192260742188
0.00712108612061
0.0244369506836
0.0143837928772
0.00766396522522
0.0644550323486
0.0839009284973
0.00917792320251
0.0122630596161
0.00754904747009
0.00608205795288
0.0246851444244
0.0077531337738
0.0101840496063
0.025092124939
0.0762419700623
0.0398590564728
0.00930404663086
0.0119650363922
0.00754404067993
0.0723400115967
0.0997700691223
0.012815952301
0.00675988197327
0.0181729793549
0.0129809379578
0.00791692733765
0.0079231262207
0.00719904899597
0.00821876525879
0.144366979599
0.00634002685547
0.00790500640869
0.00902485847473
0.0112950801849
0.0074679851532
0.0131549835205
0.00871706008911
0.00705480575562
0.0078821182251
0.00829005241394
0.00735902786255
0.133808135986
0.00843811035156
0.00613307952881
0.0090000629425
0.0188539028168
0.0404059886932
0.0225009918213
0.0118319988251
0.00813007354736
0.0100450515747
0.0126149654388
0.0091860294342
0.0104851722717
0.0266602039337
0.00670409202576
0.0272579193115
0.0106198787689
0.00695419311523
0.024952173233
0.00701093673706
0.0106999874115
0.00781607627869
0.0112419128418
0.00799489021301
0.0290899276733
0.00850296020508
0.0143909454346
0.00566291809082
0.00844287872314
0.0114049911499
0.00655889511108
0.0215899944305
0.0102529525757
0.0565309524536
0.0365030765533
0.0185689926147
0.00832200050354
0.00955820083618
0.0779869556427
0.0197689533234
0.00787806510925
0.00784707069397
0.0070629119873
0.244692087173
0.0145931243896
0.00884509086609
0.0396511554718
0.0117111206055
0.0517008304596
0.123754024506
0.00852298736572
0.0200309753418
0.00728797912598
0.00814509391785
0.0989048480988
0.00796604156494
0.010027885437
0.00521206855774
0.0185730457306
0.285332202911
0.0157871246338
0.00799107551575
0.00650095939636
0.012521982193
0.013739824295
0.0120520591736
0.00752997398376
0.00774693489075
0.011146068573
0.00727891921997
0.00865006446838
0.00987386703491
0.00967001914978
0.0176339149475
0.0118551254272
0.0177729129791
0.0107178688049
0.00519704818726
0.0081901550293
0.017758846283
0.0116999149323
0.00690698623657
0.00879716873169
0.0075581073761
0.0528440475464
0.00807213783264
0.0105209350586
0.0138320922852
0.00705194473267
0.0370919704437
0.0111799240112
0.00700092315674
0.0134220123291
0.0399150848389
0.107494115829
0.0090639591217
0.0154268741608
0.0106461048126
0.0190432071686
0.0276482105255
0.0101230144501
0.00706386566162
0.00564908981323
0.126757860184
0.0824391841888
0.00585198402405
0.00861692428589
0.00796699523926
0.0246639251709
0.089937210083
0.00760293006897
0.0140771865845
0.00553798675537
0.00773501396179
0.011342048645
0.00708413124084
0.00859117507935
0.00750303268433
0.0139520168304
0.00894379615784
0.00997304916382
0.0112779140472
0.0088050365448
0.0070960521698
0.00871610641479
0.0342841148376
0.0076048374176
0.00664305686951
0.030079126358
0.00608801841736
0.00692105293274
0.0283482074738
0.0182709693909
0.0303859710693
0.00550603866577
0.00599908828735
0.00890707969666
0.0073390007019
0.014762878418
0.0499088764191
0.0103750228882
0.0167169570923
0.00747585296631
0.00616908073425
0.00752997398376
0.0159420967102
0.00719809532166
0.0112631320953
0.0375430583954
0.00848293304443
0.0079300403595
0.00654315948486
0.0127341747284
0.00842714309692
0.0163009166718
0.00951194763184
0.00717616081238
0.00841403007507
0.0055251121521
0.0354609489441
0.0722630023956
0.00913310050964
0.00639295578003
0.00590395927429
0.035717010498
0.00849795341492
0.00788903236389
0.00787115097046
0.0268020629883
0.0547840595245
0.00788593292236
0.023087978363
0.00873208045959
0.00752210617065
0.00844693183899
0.0167760848999
0.0355279445648
0.00725197792053
0.00817799568176
0.00797200202942
0.0863080024719
0.031035900116
0.0189089775085
0.024847984314
0.00755214691162
0.00667905807495
0.0455350875854
0.0234160423279
0.00841188430786
0.013072013855
0.0195670127869
0.0153319835663
0.00929689407349
0.00577902793884
0.0129129886627
0.0309810638428
0.0303530693054
0.0113999843597
0.00865793228149
0.0164430141449
0.104627132416
0.0633111000061
0.00769805908203
0.00587511062622
0.00984883308411
0.0250082015991
0.0560131072998
0.00745487213135
0.00660681724548
0.0140550136566
0.0127139091492
0.00515007972717
0.0466239452362
0.170085906982
0.0208930969238
0.0107281208038
0.0128581523895
0.00571608543396
0.0238590240479
0.0114850997925
0.00864315032959
0.0657210350037
0.0146470069885
0.0125510692596
0.00788187980652
0.0279040336609
0.0348279476166
0.0104370117188
0.00884008407593
0.00601291656494
0.0297560691833
0.0101191997528
0.0071120262146
0.00977396965027
0.0305700302124
0.0141699314117
0.0718259811401
0.00839304924011
0.00919699668884
0.0418019294739
0.0126390457153
0.00802206993103
0.0115239620209
0.0110509395599
0.00944995880127
0.0284390449524
0.00673294067383
0.00908899307251
0.00729584693909
0.0281901359558
0.0264620780945
0.0159120559692
0.00559687614441
0.0134928226471
0.0126230716705
0.0235300064087
0.008957862854
0.00998306274414
0.0147578716278
0.00562977790833
0.0308358669281
0.0335350036621
0.0325129032135
0.0101749897003
0.00547695159912
0.0107169151306
0.00611996650696
0.0158350467682
0.0100100040436
0.00657916069031
0.00827693939209
0.00773596763611
0.0134420394897
0.00987792015076
0.0146999359131
0.0141479969025
0.00870394706726
0.00968289375305
0.00879597663879
0.0235459804535
0.0376889705658
0.00577712059021
0.00792908668518
0.0162529945374
0.0311830043793
0.0078239440918
0.00613403320312
0.015918970108
0.0107069015503
0.00718998908997
0.0283350944519
0.0274889469147
0.0293409824371
0.00940895080566
0.00748205184937
0.00597095489502
0.0106909275055
0.0449888706207
0.00783085823059
0.00665807723999
0.008141040802
0.0113799571991
0.0235960483551
0.0216920375824
0.00708508491516
0.00807809829712
0.0126640796661
0.042692899704
0.00698304176331
0.00568604469299
0.00609302520752
0.00919008255005
0.0314979553223
0.0191578865051
0.0132188796997
0.0108499526978
0.0259780883789
0.0626780986786
0.00676298141479
0.00772714614868
0.00900316238403
0.156394004822
0.144320964813
0.00716590881348
0.00751399993896
0.010547876358
0.0144791603088
0.0289700031281
0.00515413284302
0.00545310974121
0.00669503211975
0.00751805305481
0.01265001297
0.00725293159485
0.0056300163269
0.00751090049744
0.00853300094604
0.00920701026917
0.0051691532135
0.00710296630859
0.022469997406
0.0118210315704
0.00599718093872
0.00725317001343
0.00844693183899
0.00772094726562
0.0783550739288
0.0413389205933
0.0052809715271
0.0057520866394
0.0119378566742
0.0424020290375
0.00785303115845
0.00773000717163
0.101181030273
0.00635600090027
0.00897717475891
0.0192050933838
0.00872802734375
0.0134692192078
0.0114808082581
0.00712299346924
0.0096640586853
0.00637197494507
0.00531101226807
0.0297179222107
0.0127511024475
0.00595879554749
0.0165619850159
0.0088529586792
0.0128657817841
0.00816202163696
0.0181250572205
0.0112688541412
0.00831913948059
0.0416619777679
0.0854489803314
0.00831389427185
0.00660920143127
0.00993704795837
0.00728893280029
0.0273640155792
0.00931119918823
0.00539588928223
0.00753998756409
0.00615191459656
0.0116989612579
0.0273079872131
0.0131437778473
0.00525999069214
0.00565600395203
0.0117828845978
0.00808811187744
0.0209321975708
0.00847196578979
0.00709390640259
0.0119249820709
0.017352104187
0.0415370464325
0.0112898349762
0.00660705566406
0.00661206245422
0.0197851657867
0.0703318119049
0.00864005088806
0.00787496566772
0.0142588615417
0.00636696815491
0.0571639537811
0.00613212585449
0.0140159130096
0.00832200050354
0.00964093208313
0.0961999893188
0.0139029026031
0.0229790210724
0.0413830280304
0.00706100463867
0.0604991912842
0.00531101226807
0.00717282295227
0.00784206390381
0.00510787963867
0.109770059586
0.0175020694733
0.00581312179565
0.0163938999176
0.00542402267456
0.0515320301056
0.023334980011
0.00557398796082
0.0189199447632
0.0435328483582
0.00674104690552
0.0057270526886
0.0235850811005
0.163507938385
0.0227708816528
0.0293960571289
0.00559902191162
0.0112991333008
0.0648999214172
0.0262150764465
0.00701904296875
0.0249011516571
0.0113050937653
0.0201530456543
0.0137660503387
0.0437760353088
0.0196340084076
0.171747922897
0.00648283958435
0.00986313819885
0.0146498680115
0.00777006149292
0.00752401351929
0.043760061264
0.00791096687317
0.0802328586578
0.00891304016113
0.0133669376373
0.0430710315704
0.0274970531464
0.035749912262
0.0103449821472
0.0072979927063
0.153053998947
0.0367829799652
0.0082540512085
0.0080771446228
0.00942707061768
0.0675780773163
0.0184979438782
0.00929999351501
0.00743794441223
0.00676321983337
0.0492269992828
0.00689506530762
0.00560307502747
0.00744795799255
0.0135967731476
0.0423939228058
0.00583791732788
0.0485620498657
0.00592803955078
0.00959205627441
0.0825009346008
0.00655889511108
0.00813508033752
0.00588893890381
0.00545907020569
0.00751781463623
0.00533390045166
0.00974702835083
0.0076961517334
0.00744915008545
0.04301404953
0.00571298599243
0.00558400154114
0.0108799934387
0.00716686248779
0.0799729824066
0.00767111778259
0.00880599021912
0.00777912139893
0.00757884979248
0.0333950519562
0.0157721042633
0.00866413116455
0.00532603263855
0.00594592094421
0.0119450092316
0.00964093208313
0.0635659694672
0.0197899341583
0.0120940208435
0.0251657962799
0.00715494155884
0.0463180541992
0.00761795043945
0.00867104530334
0.0292520523071
0.00707793235779
0.0252730846405
0.00850081443787
0.011234998703
0.0274438858032
0.0119609832764
0.0425660610199
0.00643301010132
0.006422996521
0.00553297996521
0.0276417732239
0.00747203826904
0.0307259559631
0.00630903244019
0.00554490089417
0.0119528770447
0.00856280326843
0.00715684890747
0.00713396072388
0.00718998908997
0.00628805160522
0.0109119415283
0.0141518115997
0.0069580078125
0.0130848884583
0.0283908843994
0.00637602806091
0.0791990756989
0.00963711738586
0.0105321407318
0.0339200496674
0.00753116607666
0.00756001472473
0.0171239376068
0.00909495353699
0.0693511962891
0.0108819007874
0.0116851329803
0.00734615325928
0.00947594642639
0.0253670215607
0.0155780315399
0.0710070133209
0.0111668109894
0.0105650424957
0.0200970172882
0.0162200927734
0.0406141281128
0.00726294517517
0.00978398323059
0.0376000404358
0.008131980896
0.0698709487915
0.00864315032959
0.00958204269409
0.0353910923004
0.00533413887024
0.0122449398041
0.0134451389313
0.0102291107178
0.0476100444794
0.00839996337891
0.0464398860931
0.0128149986267
0.00744795799255
0.0574250221252
0.00564002990723
0.00708103179932
0.00845789909363
0.00739479064941
0.0483248233795
0.0259349346161
0.055536031723
0.00931096076965
0.00750803947449
0.0128049850464
0.00913095474243
0.0377480983734
0.00863099098206
0.00739502906799
0.0374848842621
0.00777697563171
0.00721096992493
0.00861406326294
0.00745296478271
0.030268907547
0.00924611091614
0.00568604469299
0.00633311271667
0.0130090713501
0.00786995887756
0.00754809379578
0.00985884666443
0.00980186462402
0.00976204872131
0.0106408596039
0.0184669494629
0.00577807426453
0.00647783279419
0.0094108581543
0.00577807426453
0.0996661186218
0.0060601234436
0.00627589225769
0.00667881965637
0.0108571052551
0.00573897361755
0.00612211227417
0.170873165131
0.014662027359
0.0176911354065
0.00602006912231
0.00648999214172
0.00727701187134
0.00701904296875
0.0076379776001
0.0123670101166
0.0188100337982
0.0386130809784
0.0140929222107
0.00748300552368
0.011901140213
0.00714802742004
0.0195519924164
0.00698590278625
0.0118389129639
0.00568199157715
0.0115129947662
0.0335750579834
0.00894618034363
0.00881695747375
0.0950899124146
0.00645804405212
0.008052110672
0.00770401954651
0.0163550376892
0.00666308403015
0.0137000083923
0.121124982834
0.00926899909973
0.00657081604004
0.00746989250183
0.00630402565002
0.0471940040588
0.00990509986877
0.00577211380005
0.0348320007324
0.00909304618835
0.0231530666351
0.0101900100708
0.0058159828186
0.0332300662994
0.00616598129272
0.00550103187561
0.00870299339294
0.0118789672852
0.02543592453
0.0123989582062
0.0897889137268
0.00612020492554
0.00853800773621
0.0476870536804
0.00789904594421
0.010241985321
0.00696897506714
0.00872111320496
0.00691604614258
0.00928592681885
0.00796794891357
0.00680994987488
0.00747680664062
0.0180780887604
0.00633406639099
0.00817108154297
0.00719690322876
0.0599911212921
0.00963497161865
0.00911903381348
0.0112609863281
0.00912308692932
0.009113073349
0.00682592391968
0.028088092804
0.0123960971832
0.00711297988892
0.0133588314056
0.0129380226135
0.00879096984863
0.00982713699341
0.00893807411194
0.00789594650269
0.00830793380737
0.00877285003662
0.0175700187683
0.00585889816284
0.00616598129272
0.00860810279846
0.0183200836182
0.00890588760376
0.00670504570007
0.00885009765625
0.00805807113647
0.00961208343506
0.00845885276794
0.0100390911102
0.00910091400146
0.00767803192139
0.0104031562805
0.00750303268433
0.00964093208313
0.0077269077301
0.00738906860352
0.00783085823059
0.00731801986694
0.0114200115204
0.00707912445068
0.00684309005737
0.0324649810791
0.00652503967285
0.00628519058228
0.0067298412323
0.00565099716187
0.0695900917053
0.00584697723389
0.0349600315094
0.0104198455811
0.00717282295227
0.05251288414
0.0120930671692
0.0460588932037
0.00575184822083
0.00842714309692
0.0082631111145
0.0152599811554
0.00620102882385
0.00780200958252
0.00973916053772
0.0869598388672
0.00731801986694
0.0096960067749
0.0158989429474
0.00733685493469
0.0354280471802
0.00702619552612
0.00646185874939
0.00911498069763
0.00864291191101
0.119669914246
0.00633406639099
0.283327102661
0.00505399703979
0.00602602958679
0.00730204582214
0.0126781463623
0.0389759540558
0.00879311561584
0.00615501403809
0.00706481933594
0.0110039710999
0.0290338993073
0.00734090805054
0.0370290279388
0.0102579593658
0.00785303115845
0.0408840179443
0.0118582248688
0.0106630325317
0.0542120933533
0.00703096389771
0.0364441871643
0.0106070041656
0.0186851024628
0.0456581115723
0.00914001464844
0.00635385513306
0.0141987800598
0.00918793678284
0.00847291946411
0.00754690170288
0.0332078933716
0.00687694549561
0.011659860611
0.0603840351105
0.0179760456085
0.0308501720428
0.00608801841736
0.00873899459839
0.0363481044769
0.00884604454041
0.0381360054016
0.00622987747192
0.0191690921783
0.01766705513
0.00628209114075
0.0174930095673
0.00989413261414
0.00532102584839
0.0565512180328
0.0125508308411
0.00631904602051
0.00744795799255
0.0078649520874
0.0179748535156
0.0111529827118
0.00918102264404
0.0128579139709
0.00784802436829
0.0322968959808
0.0116329193115
0.00705313682556
0.00612998008728
0.00727796554565
0.00830388069153
0.00685405731201
0.00726294517517
0.00732207298279
0.00962901115417
0.00755310058594
0.00623607635498
0.00560617446899
0.00709319114685
0.0264368057251
0.0182638168335
0.00725793838501
0.0100319385529
0.00576591491699
0.00857400894165
0.011234998703
0.00720191001892
0.0153138637543
0.0264019966125
0.00896215438843
0.00512409210205
0.0221450328827
0.023512840271
0.0225520133972
0.00681018829346
0.0161190032959
0.00567889213562
0.0192449092865
0.0067310333252
0.0070219039917
0.00917315483093
0.00765705108643
0.0286040306091
0.0105140209198
0.00937986373901
0.0340399742126
0.0114388465881
0.00510811805725
0.183997154236
0.0122051239014
0.0221810340881
0.0117299556732
0.0158479213715
0.0726239681244
0.00650787353516
0.0445821285248
0.00610113143921
0.0072808265686
0.030247926712
0.0173559188843
0.00697016716003
0.0066339969635
0.00649309158325
0.00987887382507
0.0106749534607
0.00480008125305
0.00728297233582
0.0364060401917
0.00742077827454
0.0087251663208
0.0676991939545
0.0448429584503
0.0066339969635
0.00935888290405
0.0122449398041
0.0098729133606
0.0225958824158
0.00708103179932
0.00678706169128
0.00673007965088
0.0291030406952
0.0447800159454
0.00632095336914
0.00816297531128
0.0064799785614
0.00848197937012
0.288083076477
0.00486612319946
0.00960111618042
0.00636982917786
0.00764012336731
0.00769710540771
0.00790786743164
0.00656414031982
0.00590586662292
0.00807189941406
0.0829091072083
0.0092658996582
0.00712108612061
0.00669717788696
0.00701498985291
0.108852148056
0.00607800483704
0.00699210166931
0.0058970451355
0.0165648460388
0.0141870975494
0.00564193725586
0.00519299507141
0.00747799873352
0.0284569263458
0.00907492637634
0.00830292701721
0.0154719352722
0.00710511207581
0.00707101821899
0.132457971573
0.0107340812683
0.00556898117065
0.0245568752289
0.00834488868713
0.022381067276
0.0150570869446
0.00785708427429
0.00623607635498
0.0072021484375
0.0581390857697
0.00768113136292
0.00549602508545
0.0263061523438
0.0195670127869
0.0123472213745
0.00835609436035
0.00659894943237
0.00820302963257
0.0276548862457
0.0112700462341
0.0191721916199
0.00806903839111
0.139521121979
0.0176911354065
0.00795102119446
0.00875401496887
0.00867080688477
0.0195260047913
0.0129961967468
0.00910997390747
0.00969195365906
0.00704002380371
0.0435209274292
0.00976610183716
0.00520610809326
0.00758981704712
0.00586819648743
0.0102200508118
0.00550007820129
0.0149970054626
0.00716710090637
0.0194990634918
0.00839400291443
0.0112190246582
0.0127730369568
0.0102078914642
0.0107429027557
0.0539231300354
0.00654816627502
0.00817489624023
0.0129699707031
0.048122882843
0.16112112999
0.00797986984253
0.0120048522949
0.00694513320923
0.0158221721649
0.161557912827
0.0319390296936
0.0856809616089
0.0128149986267
0.00935292243958
0.00837898254395
0.00846195220947
0.0324749946594
0.00700402259827
0.00665307044983
0.0102620124817
0.0113821029663
0.025563955307
0.00940608978271
0.0196018218994
0.00598812103271
0.00597786903381
0.0129480361938
0.0093789100647
0.00817680358887
0.034126996994
0.0239889621735
0.00705289840698
0.0139169692993
0.0463480949402
0.126003980637
0.0162229537964
0.00741505622864
0.011862039566
0.00663185119629
0.0275330543518
0.00812602043152
0.0179162025452
0.00865697860718
0.00688815116882
0.005126953125
0.0090229511261
0.0100698471069
0.00934100151062
0.00928807258606
0.0195379257202
0.00774598121643
0.0064811706543
0.00662899017334
0.0147099494934
0.0069408416748
0.00840497016907
0.00578308105469
0.00661110877991
0.0129790306091
0.0204699039459
0.0102181434631
0.00848007202148
0.00773406028748
0.00937604904175
0.00886201858521
0.0115039348602
0.0107231140137
0.0401918888092
0.0185821056366
0.0073070526123
0.0269200801849
0.00634288787842
0.0141079425812
0.00687003135681
0.0171320438385
0.0198528766632
0.0102789402008
0.00685596466064
0.0181729793549
0.0102558135986
0.0139288902283
0.0169160366058
0.0074188709259
0.00838708877563
0.0109181404114
0.0159170627594
0.0156440734863
0.0107200145721
0.00848603248596
0.00520300865173
0.00785779953003
0.00950503349304
0.0189800262451
0.00767612457275
0.00895500183105
0.00925397872925
0.00751399993896
0.00777888298035
0.00780200958252
0.011332988739
0.00607800483704
0.00721788406372
0.0286190509796
0.00797700881958
0.00838494300842
0.0636169910431
0.00593781471252
0.0730998516083
0.00771903991699
0.0116031169891
0.00845193862915
0.00646090507507
0.00792098045349
0.00763416290283
0.00752115249634
0.0622861385345
0.0191349983215
0.00570583343506
0.0547549724579
0.0098569393158
0.329425096512
0.00804805755615
0.00933814048767
0.00834488868713
0.0146789550781
0.0613648891449
0.00744986534119
0.0119168758392
0.00899291038513
0.0131368637085
0.00888299942017
0.0128219127655
0.007239818573
0.00740504264832
0.015202999115
0.0110650062561
0.00965118408203
0.014221906662
0.00753998756409
0.0209078788757
0.00787711143494
0.00910711288452
0.00738406181335
0.00908398628235
0.0112268924713
0.0212368965149
0.00816512107849
0.0090069770813
0.00712108612061
0.00748300552368
0.0108120441437
0.00593185424805
0.0102488994598
0.00553202629089
0.109485864639
0.00833487510681
0.0108931064606
0.00846004486084
0.00887107849121
0.0131990909576
0.00714111328125
0.00828289985657
0.0113849639893
0.00559306144714
0.00885391235352
0.00707101821899
0.00934791564941
0.0108590126038
0.00936913490295
0.00905895233154
0.00587797164917
0.00510311126709
0.0231521129608
0.0195598602295
0.00732588768005
0.00781106948853
0.017144203186
0.006991147995
0.056468963623
0.014132976532
0.0107848644257
0.031270980835
0.00706005096436
0.0262150764465
0.00756216049194
0.00599193572998
0.0511310100555
0.0150389671326
0.0803818702698
0.0160019397736
0.00709986686707
0.0219469070435
0.00880694389343
0.0194320678711
0.00769305229187
0.00679802894592
0.0297341346741
0.00648188591003
0.0256209373474
0.00804686546326
0.00771498680115
0.0111389160156
0.00697898864746
0.0566971302032
0.00891494750977
0.00763201713562
0.0910129547119
0.00916004180908
0.0429339408875
0.0094039440155
0.0104200839996
0.00894594192505
0.00627183914185
0.0121810436249
0.0227839946747
0.00678896903992
0.0359978675842
0.021096944809
0.0699698925018
0.00555801391602
0.00738906860352
0.0297300815582
0.00935578346252
0.0505781173706
0.0153441429138
0.0067081451416
0.00803804397583
0.00669693946838
0.0593769550323
0.012414932251
0.0073139667511
0.00667715072632
0.0131819248199
0.0377879142761
0.0109009742737
0.00931096076965
0.115432024002
0.00769305229187
0.109305858612
0.0142970085144
0.00632405281067
0.0790748596191
0.00821495056152
0.014858007431
0.00982093811035
0.00659012794495
0.0187180042267
0.00863194465637
0.0108480453491
0.0252900123596
0.00608015060425
0.00654816627502
0.00918507575989
0.0511000156403
0.00844717025757
0.00710105895996
0.00720191001892
0.00892996788025
0.00553202629089
0.00779294967651
0.037661075592
0.00692510604858
0.0074610710144
0.00888299942017
0.0182828903198
0.0103290081024
0.00639891624451
0.0131928920746
0.00831699371338
0.167845010757
0.00771903991699
0.0123748779297
0.0121750831604
0.00786185264587
0.00848507881165
0.00727391242981
0.00779104232788
0.00680303573608
0.00815391540527
0.0188579559326
0.00711894035339
0.0078649520874
0.015233039856
0.00690984725952
0.0129249095917
0.00766801834106
0.0100011825562
0.0231330394745
0.0131220817566
0.00691318511963
0.00743007659912
0.0104911327362
0.0114381313324
0.0173470973969
0.0650320053101
0.00873494148254
0.010302066803
0.010283946991
0.00614714622498
0.096892118454
0.0245909690857
0.00739502906799
0.0072169303894
0.0106110572815
0.00607991218567
0.0060088634491
0.0109720230103
0.0540490150452
0.00810098648071
0.00586605072021
0.01034283638
0.00850796699524
0.0266938209534
0.00914192199707
0.0725719928741
0.00682806968689
0.00755596160889
0.102286100388
0.00938200950623
0.0216119289398
0.0110981464386
0.00909900665283
0.0397629737854
0.00727987289429
0.139410972595
0.00546884536743
0.00895190238953
0.0183868408203
0.00678014755249
0.0282330513
0.00730299949646
0.00823593139648
0.0767650604248
0.00694704055786
0.0124599933624
0.00737404823303
0.00803017616272
0.0365998744965
0.0080578327179
0.0594079494476
0.00757002830505
0.00803112983704
0.00723600387573
0.0104238986969
0.0954520702362
0.00704598426819
0.0505049228668
0.057923078537
0.00963497161865
0.07350897789
0.0085608959198
0.0065290927887
0.0351321697235
0.0203568935394
0.0212919712067
0.00909614562988
0.0129239559174
0.0939538478851
0.00882720947266
0.105867147446
0.0164849758148
0.00774598121643
0.0119500160217
0.00813007354736
0.00733113288879
0.00941801071167
0.00714516639709
0.0306830406189
0.00733494758606
0.0110578536987
0.0146141052246
0.00738310813904
0.0541970729828
0.0083179473877
0.0470390319824
0.00570011138916
0.00706195831299
0.0238258838654
0.0405101776123
0.0399971008301
0.00653314590454
0.00537705421448
0.0307462215424
0.00713491439819
0.0381999015808
0.00707101821899
0.00676798820496
0.0237240791321
0.00715899467468
0.00824093818665
0.0127141475677
0.0063009262085
0.00834989547729
0.0114061832428
0.00957798957825
0.00932288169861
0.0062689781189
0.0170829296112
0.0061399936676
0.00657486915588
0.00985789299011
0.00923705101013
0.013808965683
0.00690388679504
0.00665998458862
0.0369889736176
0.0117781162262
0.00803709030151
0.015280008316
0.00647306442261
0.00811409950256
0.00614976882935
0.00792789459229
0.00780081748962
0.00662398338318
0.00812888145447
0.00563907623291
0.00695085525513
0.0109128952026
0.00978589057922
0.00611305236816
0.00523996353149
0.0118010044098
0.00694179534912
0.0105090141296
0.0189619064331
0.00720191001892
0.00826907157898
0.00722193717957
0.0104539394379
0.00744700431824
0.00842380523682
0.0111479759216
0.0206320285797
0.00722885131836
0.0405170917511
0.00797414779663
0.0202579498291
0.00714683532715
0.0113530158997
0.0228021144867
0.0153489112854
0.00749397277832
0.0100109577179
0.0140540599823
0.00765991210938
0.0083019733429
0.0130929946899
0.00712919235229
0.00676989555359
0.0309689044952
0.00841903686523
0.00679588317871
0.0358672142029
0.00607705116272
0.0332970619202
0.00542807579041
0.0100350379944
0.0495278835297
0.0113489627838
0.0184910297394
0.00774693489075
0.00648593902588
0.0055890083313
0.0360929965973
0.0619480609894
0.00741696357727
0.0072329044342
0.0135080814362
0.00728702545166
0.0552310943604
0.00737905502319
0.0123929977417
0.0072329044342
0.00801396369934
0.0456387996674
0.0093150138855
0.0115959644318
0.00610089302063
0.0062358379364
0.00769805908203
0.00670194625854
0.011237859726
0.00691103935242
0.00764393806458
0.00610184669495
0.00818800926208
0.00756192207336
0.0142049789429
0.0308539867401
0.0146489143372
0.0058171749115
0.00953412055969
0.00608086585999
0.0080840587616
0.00935912132263
0.00861597061157
0.0108649730682
0.00890803337097
0.0082859992981
0.00942397117615
0.0207340717316
0.00979804992676
0.0111260414124
0.00942802429199
0.0117828845978
0.00532603263855
0.00688886642456
0.00699687004089
0.00688791275024
0.00639796257019
0.0121688842773
0.0113220214844
0.00620293617249
0.0170080661774
0.00665307044983
0.00736999511719
0.00705814361572
0.0140252113342
0.00831294059753
0.0152950286865
0.0862488746643
0.00847578048706
0.107110023499
0.00836610794067
0.00756692886353
0.0080201625824
0.00764584541321
0.00722694396973
0.0152750015259
0.0105149745941
0.00705718994141
0.0116119384766
0.005784034729
0.0185270309448
0.00897097587585
0.00545692443848
0.0122718811035
0.00840497016907
0.0707461833954
0.0170319080353
0.00756883621216
0.00645112991333
0.00564408302307
0.0449979305267
0.00912404060364
0.00618004798889
0.00586986541748
0.00546908378601
0.0784828662872
0.00775504112244
0.0074679851532
0.0069420337677
0.0124299526215
0.00674796104431
0.00620102882385
0.00674510002136
0.00619101524353
0.00809693336487
0.0106439590454
0.00783896446228
0.0308148860931
0.00870180130005
0.0165779590607
0.0107820034027
0.0148930549622
0.0666859149933
0.00960111618042
0.00964403152466
0.116276025772
0.00641584396362
0.0458190441132
0.00887608528137
0.0070948600769
0.0823359489441
0.00591588020325
0.00798892974854
0.012953042984
0.010969877243
0.0714530944824
0.00800514221191
0.0117931365967
0.0500309467316
0.0156569480896
0.0395760536194
0.00885200500488
0.0201139450073
0.00782704353333
0.012088060379
0.00959300994873
0.00852203369141
0.0488739013672
0.0076961517334
0.00957012176514
0.00817203521729
0.00773620605469
0.0207898616791
0.0078752040863
0.00828099250793
0.0310580730438
0.00621294975281
0.00976300239563
0.0280108451843
0.00619411468506
0.00597596168518
0.0295701026917
0.00807881355286
0.0117540359497
0.00805711746216
0.0123071670532
0.00727796554565
0.00542783737183
0.00652503967285
0.00560188293457
0.188525915146
0.00846695899963
0.00744390487671
0.00918507575989
0.0112948417664
0.00744199752808
0.00632882118225
0.00532698631287
0.00705909729004
0.00884819030762
0.00890302658081
0.00710201263428
0.00570917129517
0.00656700134277
0.0118811130524
0.00712609291077
0.0187540054321
0.0431520938873
0.00875306129456
0.00920510292053
0.0139920711517
0.0117030143738
0.0180139541626
0.00756812095642
0.00553107261658
0.00710701942444
0.00880408287048
0.0650291442871
0.00815486907959
0.00902104377747
0.0087149143219
0.00645709037781
0.0538728237152
0.00710296630859
0.00964999198914
0.0059220790863
0.00859594345093
0.0108089447021
0.00805687904358
0.00827622413635
0.00568699836731
0.00559592247009
0.0161120891571
0.00744986534119
0.00716090202332
0.0117959976196
0.00786900520325
0.0468871593475
0.0102059841156
0.0207619667053
0.0233240127563
0.0106949806213
0.031289100647
0.00822186470032
0.00675320625305
0.00691199302673
0.00790286064148
0.00876688957214
0.00582194328308
0.00592017173767
0.0411450862885
0.178889989853
0.00693297386169
0.00531482696533
0.0116050243378
0.00706315040588
0.0543930530548
0.0101521015167
0.0140669345856
0.00548005104065
0.00855493545532
0.00804996490479
0.0165650844574
0.0103371143341
0.1005859375
0.00544404983521
0.00758099555969
0.00713586807251
0.00720500946045
0.0353438854218
0.00577402114868
0.00895690917969
0.00906205177307
0.0066249370575
0.0273509025574
0.00967192649841
0.00545978546143
0.0131950378418
0.011255979538
0.00701689720154
0.00640106201172
0.0158519744873
0.00894212722778
0.00833606719971
0.102448940277
0.0116379261017
0.00870585441589
0.0129189491272
0.00855803489685
0.159593105316
0.0109829902649
0.00767397880554
0.0117881298065
0.0118029117584
0.0146591663361
0.00750207901001
0.00836586952209
0.00702881813049
0.00864887237549
0.0507180690765
0.0127320289612
0.00740504264832
0.00713300704956
0.00823092460632
0.0283358097076
0.00842118263245
0.0091118812561
0.0140979290009
0.00794410705566
0.0539860725403
0.00548386573792
0.0117580890656
0.00857615470886
0.00624394416809
0.051011800766
0.00816106796265
0.00615310668945
0.0167260169983
0.00734400749207
0.0395541191101
0.00753998756409
0.01100897789
0.0155429840088
0.0102078914642
0.0590929985046
0.00639390945435
0.00596380233765
0.00634598731995
0.0112280845642
0.00722002983093
0.0201230049133
0.00584888458252
0.012640953064
0.040766954422
0.00922703742981
0.00710988044739
0.00806617736816
0.00875186920166
0.0181839466095
0.00828981399536
0.0088369846344
0.0118489265442
0.0102028846741
0.00949120521545
0.00614190101624
0.00873279571533
0.00826787948608
0.00802898406982
0.00669288635254
0.009516954422
0.00588393211365
0.022931098938
0.00706911087036
0.0125799179077
0.00886702537537
0.0076539516449
0.0090320110321
0.00678706169128
0.00922894477844
0.00890207290649
0.0164799690247
0.0148451328278
0.0195100307465
0.00591802597046
0.00731706619263
0.0076630115509
0.00672793388367
0.00825095176697
0.00943303108215
0.00976896286011
0.0126059055328
0.00759410858154
0.00699090957642
0.013799905777
0.00765609741211
0.007248878479
0.0108108520508
0.0131430625916
0.0054919719696
0.00749516487122
0.10560297966
0.00797414779663
0.0148589611053
0.0059220790863
0.00648498535156
0.0262629985809
0.0104119777679
0.0191111564636
0.00900197029114
0.00715398788452
0.0423769950867
0.0079779624939
0.00722503662109
0.0102369785309
0.00879096984863
0.0360162258148
0.00661993026733
0.0103871822357
0.011500120163
0.0125970840454
0.0200078487396
0.00991415977478
0.00828719139099
0.00869488716125
0.00852108001709
0.0374658107758
0.0131421089172
0.01203083992
0.00715708732605
0.182577133179
0.0547270774841
0.00651502609253
0.015869140625
0.00736093521118
0.00804495811462
0.0426821708679
0.0201420783997
0.00602793693542
0.00713610649109
0.0229589939117
0.023243188858
0.00695419311523
0.00730085372925
0.0119259357452
0.0171310901642
0.0104501247406
0.010370016098
0.00780415534973
0.00638604164124
0.101399898529
0.0074291229248
0.00867509841919
0.00953388214111
0.0154190063477
0.0450038909912
0.0721049308777
0.0106830596924
0.0158779621124
0.00738501548767
0.0231261253357
0.03364610672
0.00973200798035
0.0117568969727
0.0102088451385
0.00978493690491
0.015410900116
0.0101821422577
0.00545501708984
0.00708699226379
0.0368909835815
0.00912308692932
0.00787878036499
0.0131061077118
0.00747609138489
0.0537900924683
0.00838208198547
0.00858187675476
0.00791692733765
0.0106358528137
0.01589012146
0.00995683670044
0.0114898681641
0.0104548931122
0.0179300308228
0.0060350894928
0.00672197341919
0.00777697563171
0.00736498832703
0.0117950439453
0.0080840587616
0.0131461620331
0.00728011131287
0.00847911834717
0.00821995735168
0.0082380771637
0.00758695602417
0.00777292251587
0.0124640464783
0.0186631679535
0.00700688362122
0.0228180885315
0.0143549442291
0.00523090362549
0.0169501304626
0.007817029953
0.00693202018738
0.00717186927795
0.00917220115662
0.010125875473
0.00784492492676
0.0116457939148
0.00928497314453
0.00712299346924
0.00975894927979
0.0175538063049
0.00587701797485
0.00757098197937
0.00715208053589
0.00706791877747
0.00898194313049
0.0698699951172
0.0118539333344
0.00963687896729
0.00734901428223
0.01